<?xml version="1.0" encoding="UTF-8"?>
<!-- Generated by org.testng.reporters.JUnitXMLReporter -->
<testsuite ignored="0" hostname="rowdy" failures="0" tests="7" name="Test" time="94.733" errors="0" timestamp="2025-02-15T20:05:17 IST">
  <testcase classname="testCases.TC003_LoginDDT" name="verify_LoginDDT" time="12.545"/>
  <testcase classname="testCases.TC003_LoginDDT" name="verify_LoginDDT" time="12.724"/>
  <testcase classname="testCases.TC003_LoginDDT" name="verify_LoginDDT" time="13.356"/>
  <testcase classname="testCases.TC003_LoginDDT" name="verify_LoginDDT" time="12.818"/>
  <testcase classname="testCases.TC003_LoginDDT" name="verify_LoginDDT" time="5.007"/>
  <testcase classname="testCases.accountRegistrationTesttCase" name="verify_Accountregistration" time="17.662"/>
  <testcase classname="testCases.LoginTestCase" name="verify_login" time="2.582"/>
</testsuite> <!-- Test -->
