<?xml version="1.0" encoding="UTF-8"?>
<testng-results ignored="0" total="7" passed="7" failed="0" skipped="0">
  <reporter-output>
  </reporter-output>
  <suite started-at="2025-02-15T20:03:42 IST" name="Suite" finished-at="2025-02-15T20:05:17 IST" duration-ms="94733">
    <groups>
      <group name="datadriven">
        <method signature="TC003_LoginDDT.verify_LoginDDT(java.lang.String,java.lang.String,java.lang.String)[pri:0, instance:testCases.TC003_LoginDDT@2766ca9d]" name="verify_LoginDDT" class="testCases.TC003_LoginDDT"/>
      </group> <!-- datadriven -->
      <group name="regression">
        <method signature="LoginTestCase.verify_login()[pri:0, instance:testCases.LoginTestCase@7e4204e2]" name="verify_login" class="testCases.LoginTestCase"/>
      </group> <!-- regression -->
      <group name="sanity">
        <method signature="accountRegistrationTesttCase.verify_Accountregistration()[pri:0, instance:testCases.accountRegistrationTesttCase@27d4a09]" name="verify_Accountregistration" class="testCases.accountRegistrationTesttCase"/>
      </group> <!-- sanity -->
      <group name="master">
        <method signature="LoginTestCase.verify_login()[pri:0, instance:testCases.LoginTestCase@7e4204e2]" name="verify_login" class="testCases.LoginTestCase"/>
        <method signature="accountRegistrationTesttCase.verify_Accountregistration()[pri:0, instance:testCases.accountRegistrationTesttCase@27d4a09]" name="verify_Accountregistration" class="testCases.accountRegistrationTesttCase"/>
      </group> <!-- master -->
    </groups>
    <test started-at="2025-02-15T20:03:42 IST" name="Test" finished-at="2025-02-15T20:05:17 IST" duration-ms="94733">
      <class name="testCases.accountRegistrationTesttCase">
        <test-method is-config="true" signature="setup(java.lang.String,java.lang.String)[pri:0, instance:testCases.accountRegistrationTesttCase@27d4a09]" started-at="2025-02-15T20:04:47 IST" name="setup" finished-at="2025-02-15T20:04:52 IST" duration-ms="4591" status="PASS">
          <params>
            <param index="0">
              <value>
                <![CDATA[windows]]>
              </value>
            </param>
            <param index="1">
              <value>
                <![CDATA[chrome]]>
              </value>
            </param>
          </params>
          <reporter-output>
          </reporter-output>
        </test-method> <!-- setup -->
        <test-method signature="verify_Accountregistration()[pri:0, instance:testCases.accountRegistrationTesttCase@27d4a09]" started-at="2025-02-15T20:04:52 IST" name="verify_Accountregistration" finished-at="2025-02-15T20:05:09 IST" duration-ms="17662" status="PASS">
          <reporter-output>
          </reporter-output>
        </test-method> <!-- verify_Accountregistration -->
        <test-method is-config="true" signature="teardown()[pri:0, instance:testCases.accountRegistrationTesttCase@27d4a09]" started-at="2025-02-15T20:05:09 IST" name="teardown" finished-at="2025-02-15T20:05:10 IST" duration-ms="511" status="PASS">
          <reporter-output>
          </reporter-output>
        </test-method> <!-- teardown -->
      </class> <!-- testCases.accountRegistrationTesttCase -->
      <class name="testCases.LoginTestCase">
        <test-method is-config="true" signature="setup(java.lang.String,java.lang.String)[pri:0, instance:testCases.LoginTestCase@7e4204e2]" started-at="2025-02-15T20:05:10 IST" name="setup" finished-at="2025-02-15T20:05:14 IST" duration-ms="3949" status="PASS">
          <params>
            <param index="0">
              <value>
                <![CDATA[windows]]>
              </value>
            </param>
            <param index="1">
              <value>
                <![CDATA[chrome]]>
              </value>
            </param>
          </params>
          <reporter-output>
          </reporter-output>
        </test-method> <!-- setup -->
        <test-method signature="verify_login()[pri:0, instance:testCases.LoginTestCase@7e4204e2]" started-at="2025-02-15T20:05:14 IST" name="verify_login" finished-at="2025-02-15T20:05:16 IST" duration-ms="2582" status="PASS">
          <reporter-output>
          </reporter-output>
        </test-method> <!-- verify_login -->
        <test-method is-config="true" signature="teardown()[pri:0, instance:testCases.LoginTestCase@7e4204e2]" started-at="2025-02-15T20:05:16 IST" name="teardown" finished-at="2025-02-15T20:05:17 IST" duration-ms="330" status="PASS">
          <reporter-output>
          </reporter-output>
        </test-method> <!-- teardown -->
      </class> <!-- testCases.LoginTestCase -->
      <class name="testCases.TC003_LoginDDT">
        <test-method is-config="true" signature="setup(java.lang.String,java.lang.String)[pri:0, instance:testCases.TC003_LoginDDT@2766ca9d]" started-at="2025-02-15T20:03:42 IST" name="setup" finished-at="2025-02-15T20:03:48 IST" duration-ms="6027" status="PASS">
          <params>
            <param index="0">
              <value>
                <![CDATA[windows]]>
              </value>
            </param>
            <param index="1">
              <value>
                <![CDATA[chrome]]>
              </value>
            </param>
          </params>
          <reporter-output>
          </reporter-output>
        </test-method> <!-- setup -->
        <test-method signature="verify_LoginDDT(java.lang.String,java.lang.String,java.lang.String)[pri:0, instance:testCases.TC003_LoginDDT@2766ca9d]" started-at="2025-02-15T20:03:50 IST" name="verify_LoginDDT" data-provider="excelData" finished-at="2025-02-15T20:04:03 IST" duration-ms="12545" status="PASS">
          <params>
            <param index="0">
              <value>
                <![CDATA[dhivya11@gmail.com]]>
              </value>
            </param>
            <param index="1">
              <value>
                <![CDATA[Test@123]]>
              </value>
            </param>
            <param index="2">
              <value>
                <![CDATA[Invalid]]>
              </value>
            </param>
          </params>
          <reporter-output>
          </reporter-output>
        </test-method> <!-- verify_LoginDDT -->
        <test-method signature="verify_LoginDDT(java.lang.String,java.lang.String,java.lang.String)[pri:0, instance:testCases.TC003_LoginDDT@2766ca9d]" started-at="2025-02-15T20:04:03 IST" name="verify_LoginDDT" data-provider="excelData" finished-at="2025-02-15T20:04:15 IST" duration-ms="12724" status="PASS">
          <params>
            <param index="0">
              <value>
                <![CDATA[abc@yahoo.com]]>
              </value>
            </param>
            <param index="1">
              <value>
                <![CDATA[Test@1234]]>
              </value>
            </param>
            <param index="2">
              <value>
                <![CDATA[Invalid]]>
              </value>
            </param>
          </params>
          <reporter-output>
          </reporter-output>
        </test-method> <!-- verify_LoginDDT -->
        <test-method signature="verify_LoginDDT(java.lang.String,java.lang.String,java.lang.String)[pri:0, instance:testCases.TC003_LoginDDT@2766ca9d]" started-at="2025-02-15T20:04:15 IST" name="verify_LoginDDT" data-provider="excelData" finished-at="2025-02-15T20:04:29 IST" duration-ms="13356" status="PASS">
          <params>
            <param index="0">
              <value>
                <![CDATA[frooty@yahoo.com]]>
              </value>
            </param>
            <param index="1">
              <value>
                <![CDATA[Test@1235]]>
              </value>
            </param>
            <param index="2">
              <value>
                <![CDATA[Invalid]]>
              </value>
            </param>
          </params>
          <reporter-output>
          </reporter-output>
        </test-method> <!-- verify_LoginDDT -->
        <test-method signature="verify_LoginDDT(java.lang.String,java.lang.String,java.lang.String)[pri:0, instance:testCases.TC003_LoginDDT@2766ca9d]" started-at="2025-02-15T20:04:29 IST" name="verify_LoginDDT" data-provider="excelData" finished-at="2025-02-15T20:04:41 IST" duration-ms="12818" status="PASS">
          <params>
            <param index="0">
              <value>
                <![CDATA[raw@gmail.com]]>
              </value>
            </param>
            <param index="1">
              <value>
                <![CDATA[Test@1236]]>
              </value>
            </param>
            <param index="2">
              <value>
                <![CDATA[Invalid]]>
              </value>
            </param>
          </params>
          <reporter-output>
          </reporter-output>
        </test-method> <!-- verify_LoginDDT -->
        <test-method signature="verify_LoginDDT(java.lang.String,java.lang.String,java.lang.String)[pri:0, instance:testCases.TC003_LoginDDT@2766ca9d]" started-at="2025-02-15T20:04:41 IST" name="verify_LoginDDT" data-provider="excelData" finished-at="2025-02-15T20:04:46 IST" duration-ms="5007" status="PASS">
          <params>
            <param index="0">
              <value>
                <![CDATA[manish23@gmail.com]]>
              </value>
            </param>
            <param index="1">
              <value>
                <![CDATA[manish#123]]>
              </value>
            </param>
            <param index="2">
              <value>
                <![CDATA[Valid]]>
              </value>
            </param>
          </params>
          <reporter-output>
          </reporter-output>
        </test-method> <!-- verify_LoginDDT -->
        <test-method is-config="true" signature="teardown()[pri:0, instance:testCases.TC003_LoginDDT@2766ca9d]" started-at="2025-02-15T20:04:47 IST" name="teardown" finished-at="2025-02-15T20:04:47 IST" duration-ms="550" status="PASS">
          <reporter-output>
          </reporter-output>
        </test-method> <!-- teardown -->
      </class> <!-- testCases.TC003_LoginDDT -->
    </test> <!-- Test -->
  </suite> <!-- Suite -->
</testng-results>
