<?xml version="1.0" encoding="UTF-8"?>
<testsuite xmlns:xsi="http://www.w3.org/2001/XMLSchema-instance" xsi:noNamespaceSchemaLocation="https://maven.apache.org/surefire/maven-surefire-plugin/xsd/surefire-test-report.xsd" version="3.0.2" name="TestSuite" time="98.057" tests="7" errors="0" skipped="0" failures="0">
  <properties>
[...]
</properties>
  <testcase name="verify_LoginDDT[dhivya11@gmail.com, Test@123, Invalid](1)" classname="testCases.TC003_LoginDDT" time="12.55">
    <system-out><![CDATA[[DEBUG] 2025-02-15 20:03:41,377 TestNG.debug() - suiteXmlPath: "C:\Users\Creator\eclipse-workspace\Opencartv121\test.xml"
[DEBUG] 2025-02-15 20:03:49,412 PackageRelationshipCollection.parseRelationshipsPart() - Parsing relationship: /xl/_rels/workbook.xml.rels
[DEBUG] 2025-02-15 20:03:49,419 PackageRelationshipCollection.parseRelationshipsPart() - Parsing relationship: /xl/worksheets/_rels/sheet1.xml.rels
[DEBUG] 2025-02-15 20:03:49,430 PackageRelationshipCollection.parseRelationshipsPart() - Parsing relationship: /_rels/.rels
[INFO ] 2025-02-15 20:03:50,530 TC003_LoginDDT.verify_LoginDDT() - Started the TCOO3....
[INFO ] 2025-02-15 20:04:03,063 TC003_LoginDDT.verify_LoginDDT() - finished the TCOO3....
]]></system-out>
    <system-err><![CDATA[Feb 15, 2025 8:03:46 PM org.openqa.selenium.devtools.CdpVersionFinder findNearestMatch
WARNING: Unable to find an exact match for CDP version 133, returning the closest version; found: 132; Please update to a Selenium version that supports CDP version 133
]]></system-err>
  </testcase>
  <testcase name="verify_LoginDDT[abc@yahoo.com, Test@1234, Invalid](2)" classname="testCases.TC003_LoginDDT" time="12.704">
    <system-out><![CDATA[[INFO ] 2025-02-15 20:04:03,079 TC003_LoginDDT.verify_LoginDDT() - Started the TCOO3....
[INFO ] 2025-02-15 20:04:15,799 TC003_LoginDDT.verify_LoginDDT() - finished the TCOO3....
]]></system-out>
  </testcase>
  <testcase name="verify_LoginDDT[frooty@yahoo.com, Test@1235, Invalid](3)" classname="testCases.TC003_LoginDDT" time="13.357">
    <system-out><![CDATA[[INFO ] 2025-02-15 20:04:15,804 TC003_LoginDDT.verify_LoginDDT() - Started the TCOO3....
[INFO ] 2025-02-15 20:04:29,158 TC003_LoginDDT.verify_LoginDDT() - finished the TCOO3....
]]></system-out>
  </testcase>
  <testcase name="verify_LoginDDT[raw@gmail.com, Test@1236, Invalid](4)" classname="testCases.TC003_LoginDDT" time="12.818">
    <system-out><![CDATA[[INFO ] 2025-02-15 20:04:29,163 TC003_LoginDDT.verify_LoginDDT() - Started the TCOO3....
[INFO ] 2025-02-15 20:04:41,977 TC003_LoginDDT.verify_LoginDDT() - finished the TCOO3....
]]></system-out>
  </testcase>
  <testcase name="verify_LoginDDT[manish23@gmail.com, manish#123, Valid](5)" classname="testCases.TC003_LoginDDT" time="5.007">
    <system-out><![CDATA[[INFO ] 2025-02-15 20:04:41,984 TC003_LoginDDT.verify_LoginDDT() - Started the TCOO3....
[INFO ] 2025-02-15 20:04:46,987 TC003_LoginDDT.verify_LoginDDT() - finished the TCOO3....
]]></system-out>
  </testcase>
  <testcase name="verify_Accountregistration" classname="testCases.accountRegistrationTesttCase" time="17.665">
    <system-out><![CDATA[[INFO ] 2025-02-15 20:04:52,153 accountRegistrationTesttCase.verify_Accountregistration() - Started the TCOO1....
[INFO ] 2025-02-15 20:04:52,159 accountRegistrationTesttCase.verify_Accountregistration() - clicked on my account 
[INFO ] 2025-02-15 20:04:52,364 accountRegistrationTesttCase.verify_Accountregistration() - clicked on register 
[INFO ] 2025-02-15 20:04:53,003 accountRegistrationTesttCase.verify_Accountregistration() - providing the customer details
[INFO ] 2025-02-15 20:04:59,718 accountRegistrationTesttCase.verify_Accountregistration() - validating the getconfirmation message
no such element: Unable to locate element: {"method":"xpath","selector":"//h2[normalize-space()='Your Account Has Been Created!']"}
  (Session info: chrome=133.0.6943.98)
For documentation on this error, please visit: https://www.selenium.dev/documentation/webdriver/troubleshooting/errors#no-such-element-exception
Build info: version: '4.28.1', revision: '73f5ad48a2'
System info: os.name: 'Windows 11', os.arch: 'amd64', os.version: '10.0', java.version: '23.0.1'
Driver info: org.openqa.selenium.chrome.ChromeDriver
Command: [5fc0c48dded422844ce5d8d643f6a3b9, findElement {using=xpath, value=//h2[normalize-space()='Your Account Has Been Created!']}]
Capabilities {acceptInsecureCerts: false, browserName: chrome, browserVersion: 133.0.6943.98, chrome: {chromedriverVersion: 133.0.6943.98 (da53563ceb66..., userDataDir: C:\Users\Creator\AppData\Lo...}, fedcm:accounts: true, goog:chromeOptions: {debuggerAddress: localhost:55040}, networkConnectionEnabled: false, pageLoadStrategy: normal, platformName: windows, proxy: Proxy(), se:cdp: ws://localhost:55040/devtoo..., se:cdpVersion: 133.0.6943.98, setWindowRect: true, strictFileInteractability: false, timeouts: {implicit: 0, pageLoad: 300000, script: 30000}, unhandledPromptBehavior: dismiss and notify, webauthn:extension:credBlob: true, webauthn:extension:largeBlob: true, webauthn:extension:minPinLength: true, webauthn:extension:prf: true, webauthn:virtualAuthenticators: true}
Session ID: 5fc0c48dded422844ce5d8d643f6a3b9
[INFO ] 2025-02-15 20:05:09,814 accountRegistrationTesttCase.verify_Accountregistration() - TC001 execution is completed
]]></system-out>
    <system-err><![CDATA[Feb 15, 2025 8:04:49 PM org.openqa.selenium.devtools.CdpVersionFinder findNearestMatch
WARNING: Unable to find an exact match for CDP version 133, returning the closest version; found: 132; Please update to a Selenium version that supports CDP version 133
]]></system-err>
  </testcase>
  <testcase name="verify_login" classname="testCases.LoginTestCase" time="2.583">
    <system-out><![CDATA[[INFO ] 2025-02-15 20:05:14,280 LoginTestCase.verify_login() - Started the TCOO2....
[INFO ] 2025-02-15 20:05:14,281 LoginTestCase.verify_login() - clicked on my account 
[INFO ] 2025-02-15 20:05:14,481 LoginTestCase.verify_login() - clicked on login button 
[INFO ] 2025-02-15 20:05:16,859 LoginTestCase.verify_login() - finished the TCOO2....
]]></system-out>
    <system-err><![CDATA[Feb 15, 2025 8:05:12 PM org.openqa.selenium.devtools.CdpVersionFinder findNearestMatch
WARNING: Unable to find an exact match for CDP version 133, returning the closest version; found: 132; Please update to a Selenium version that supports CDP version 133
]]></system-err>
  </testcase>
</testsuite>